{
  "0 debug pnpm:scope": {
    "selected": 1
  },
  "1 debug pnpm:package-manifest": {
    "initial": {
      "name": "portfolio",
      "version": "0.0.1",
      "scripts": {
        "dev": "svelte-kit dev",
        "build": "svelte-kit build",
        "package": "svelte-kit package",
        "preview": "svelte-kit preview",
        "prepare": "svelte-kit sync",
        "test": "playwright test",
        "check": "svelte-check --tsconfig ./tsconfig.json",
        "check:watch": "svelte-check --tsconfig ./tsconfig.json --watch",
        "lint": "prettier --check --plugin-search-dir=. . && eslint .",
        "format": "prettier --write --plugin-search-dir=. ."
      },
      "devDependencies": {
        "@playwright/test": "^1.22.2",
        "@sveltejs/adapter-auto": "next",
        "@sveltejs/kit": "next",
        "@typescript-eslint/eslint-plugin": "^5.27.0",
        "@typescript-eslint/parser": "^5.27.0",
        "eslint": "^8.16.0",
        "eslint-config-prettier": "^8.3.0",
        "eslint-plugin-svelte3": "^4.0.0",
        "prettier": "^2.6.2",
        "prettier-plugin-svelte": "^2.7.0",
        "svelte": "^3.44.0",
        "svelte-check": "^2.7.1",
        "svelte-preprocess": "^4.10.6",
        "tslib": "^2.3.1",
        "typescript": "^4.7.2"
      },
      "type": "module"
    },
    "prefix": "/Users/abhishek/develop/portfolio"
  },
  "2 debug pnpm:context": {
    "currentLockfileExists": false,
    "storeDir": "/Users/abhishek/Library/pnpm/store/v3",
    "virtualStoreDir": "/Users/abhishek/develop/portfolio/node_modules/.pnpm"
  },
  "3 debug pnpm:stage": {
    "prefix": "/Users/abhishek/develop/portfolio",
    "stage": "resolution_started"
  },
  "4 debug pnpm:_dependency_resolved": {
    "resolution": "registry.npmjs.org/eslint-plugin-svelte3/4.0.0",
    "wanted": {
      "dependentId": ".",
      "name": "eslint-plugin-svelte3",
      "rawSpec": "^4.0.0"
    }
  },
  "5 debug pnpm:progress": {
    "packageId": "registry.npmjs.org/eslint-plugin-svelte3/4.0.0",
    "requester": "/Users/abhishek/develop/portfolio",
    "status": "resolved"
  },
  "6 debug pnpm:_dependency_resolved": {
    "resolution": "registry.npmjs.org/tslib/2.4.0",
    "wanted": {
      "dependentId": ".",
      "name": "tslib",
      "rawSpec": "^2.3.1"
    }
  },
  "7 debug pnpm:progress": {
    "packageId": "registry.npmjs.org/tslib/2.4.0",
    "requester": "/Users/abhishek/develop/portfolio",
    "status": "resolved"
  },
  "8 debug pnpm:progress": {
    "packageId": "registry.npmjs.org/tslib/2.4.0",
    "requester": "/Users/abhishek/develop/portfolio",
    "status": "found_in_store"
  },
  "9 debug pnpm:_dependency_resolved": {
    "resolution": "registry.npmjs.org/prettier/2.7.1",
    "wanted": {
      "dependentId": ".",
      "name": "prettier",
      "rawSpec": "^2.6.2"
    }
  },
  "10 debug pnpm:progress": {
    "packageId": "registry.npmjs.org/prettier/2.7.1",
    "requester": "/Users/abhishek/develop/portfolio",
    "status": "resolved"
  },
  "11 debug pnpm:fetching-progress": {
    "attempt": 1,
    "packageId": "registry.npmjs.org/eslint-plugin-svelte3/4.0.0",
    "size": 13112,
    "status": "started"
  },
  "12 debug pnpm:_dependency_resolved": {
    "resolution": "registry.npmjs.org/svelte-preprocess/4.10.7",
    "wanted": {
      "dependentId": ".",
      "name": "svelte-preprocess",
      "rawSpec": "^4.10.6"
    }
  },
  "13 debug pnpm:progress": {
    "packageId": "registry.npmjs.org/svelte-preprocess/4.10.7",
    "requester": "/Users/abhishek/develop/portfolio",
    "status": "resolved"
  },
  "14 debug pnpm:progress": {
    "packageId": "registry.npmjs.org/svelte-preprocess/4.10.7",
    "requester": "/Users/abhishek/develop/portfolio",
    "status": "found_in_store"
  },
  "15 debug pnpm:progress": {
    "packageId": "registry.npmjs.org/eslint-plugin-svelte3/4.0.0",
    "requester": "/Users/abhishek/develop/portfolio",
    "status": "fetched"
  },
  "16 debug pnpm:fetching-progress": {
    "attempt": 1,
    "packageId": "registry.npmjs.org/prettier/2.7.1",
    "size": 3977924,
    "status": "started"
  },
  "17 debug pnpm:_dependency_resolved": {
    "resolution": "registry.npmjs.org/typescript/4.7.4",
    "wanted": {
      "dependentId": ".",
      "name": "typescript",
      "rawSpec": "^4.7.2"
    }
  },
  "18 debug pnpm:progress": {
    "packageId": "registry.npmjs.org/typescript/4.7.4",
    "requester": "/Users/abhishek/develop/portfolio",
    "status": "resolved"
  },
  "19 debug pnpm:progress": {
    "packageId": "registry.npmjs.org/typescript/4.7.4",
    "requester": "/Users/abhishek/develop/portfolio",
    "status": "found_in_store"
  },
  "20 warn pnpm:install-check": {
    "message": "Unsupported engine for registry.npmjs.org/@sveltejs/kit/1.0.0-next.354: wanted: {\"node\":\">=16.7\"} (current: {\"node\":\"v14.18.3\",\"pnpm\":\"7.3.0\"})",
    "prefix": "/Users/abhishek/develop/portfolio"
  },
  "21 error pnpm": {
    "code": "ERR_PNPM_UNSUPPORTED_ENGINE",
    "packageId": "registry.npmjs.org/@sveltejs/kit/1.0.0-next.354",
    "wanted": {
      "node": ">=16.7"
    },
    "current": {
      "node": "v14.18.3",
      "pnpm": "7.3.0"
    },
    "pkgsStack": [],
    "err": {
      "name": "pnpm",
      "message": "Unsupported engine for registry.npmjs.org/@sveltejs/kit/1.0.0-next.354: wanted: {\"node\":\">=16.7\"} (current: {\"node\":\"v14.18.3\",\"pnpm\":\"7.3.0\"})",
      "code": "ERR_PNPM_UNSUPPORTED_ENGINE",
      "stack": "pnpm: Unsupported engine for registry.npmjs.org/@sveltejs/kit/1.0.0-next.354: wanted: {\"node\":\">=16.7\"} (current: {\"node\":\"v14.18.3\",\"pnpm\":\"7.3.0\"})\n    at checkEngine (/Users/abhishek/.nvm/versions/node/v14.18.3/lib/node_modules/pnpm/dist/pnpm.cjs:43096:16)\n    at checkPackage (/Users/abhishek/.nvm/versions/node/v14.18.3/lib/node_modules/pnpm/dist/pnpm.cjs:43679:74)\n    at packageIsInstallable (/Users/abhishek/.nvm/versions/node/v14.18.3/lib/node_modules/pnpm/dist/pnpm.cjs:43649:20)\n    at resolveAndFetch (/Users/abhishek/.nvm/versions/node/v14.18.3/lib/node_modules/pnpm/dist/pnpm.cjs:93067:117)\n    at runMicrotasks (<anonymous>)\n    at processTicksAndRejections (internal/process/task_queues.js:95:5)\n    at async resolveDependency (/Users/abhishek/.nvm/versions/node/v14.18.3/lib/node_modules/pnpm/dist/pnpm.cjs:117936:23)\n    at async resolveDependenciesOfDependency (/Users/abhishek/.nvm/versions/node/v14.18.3/lib/node_modules/pnpm/dist/pnpm.cjs:117775:39)\n    at async Promise.all (index 2)\n    at async resolveDependencies (/Users/abhishek/.nvm/versions/node/v14.18.3/lib/node_modules/pnpm/dist/pnpm.cjs:117704:29)"
    }
  }
}